Analysis & Synthesis report for neural_network_on_fpga
Thu Jul 10 20:38:16 2025
Quartus Prime Version 23.1std.1 Build 993 05/14/2024 SC Lite Edition


---------------------
; Table of Contents ;
---------------------
  1. Legal Notice
  2. Analysis & Synthesis Summary
  3. Analysis & Synthesis Settings
  4. Parallel Compilation
  5. Analysis & Synthesis Source Files Read
  6. Analysis & Synthesis Resource Usage Summary
  7. Analysis & Synthesis Resource Utilization by Entity
  8. Analysis & Synthesis RAM Summary
  9. Analysis & Synthesis IP Cores Summary
 10. General Register Statistics
 11. Multiplexer Restructuring Statistics (Restructuring Performed)
 12. Source assignments for weight_mem0:neuron0_weights|altsyncram:altsyncram_component|altsyncram_8j91:auto_generated
 13. Source assignments for weight_mem1:neuron1_weights|altsyncram:altsyncram_component|altsyncram_9j91:auto_generated
 14. Parameter Settings for User Entity Instance: weight_mem0:neuron0_weights|altsyncram:altsyncram_component
 15. Parameter Settings for User Entity Instance: weight_mem1:neuron1_weights|altsyncram:altsyncram_component
 16. altsyncram Parameter Settings by Entity Instance
 17. Post-Synthesis Netlist Statistics for Top Partition
 18. Elapsed Time Per Partition
 19. Analysis & Synthesis Messages



----------------
; Legal Notice ;
----------------
Copyright (C) 2024  Intel Corporation. All rights reserved.
Your use of Intel Corporation's design tools, logic functions 
and other software and tools, and any partner logic 
functions, and any output files from any of the foregoing 
(including device programming or simulation files), and any 
associated documentation or information are expressly subject 
to the terms and conditions of the Intel Program License 
Subscription Agreement, the Intel Quartus Prime License Agreement,
the Intel FPGA IP License Agreement, or other applicable license
agreement, including, without limitation, that your use is for
the sole purpose of programming logic devices manufactured by
Intel and sold by Intel or its authorized distributors.  Please
refer to the applicable agreement for further details, at
https://fpgasoftware.intel.com/eula.



+-------------------------------------------------------------------------------------+
; Analysis & Synthesis Summary                                                        ;
+------------------------------------+------------------------------------------------+
; Analysis & Synthesis Status        ; Successful - Thu Jul 10 20:38:16 2025          ;
; Quartus Prime Version              ; 23.1std.1 Build 993 05/14/2024 SC Lite Edition ;
; Revision Name                      ; neural_network_on_fpga                         ;
; Top-level Entity Name              ; mnist_nn                                       ;
; Family                             ; Cyclone IV E                                   ;
; Total logic elements               ; 24                                             ;
;     Total combinational functions  ; 14                                             ;
;     Dedicated logic registers      ; 20                                             ;
; Total registers                    ; 20                                             ;
; Total pins                         ; 54                                             ;
; Total virtual pins                 ; 0                                              ;
; Total memory bits                  ; 25,088                                         ;
; Embedded Multiplier 9-bit elements ; 0                                              ;
; Total PLLs                         ; 0                                              ;
+------------------------------------+------------------------------------------------+


+----------------------------------------------------------------------------------------------------------------+
; Analysis & Synthesis Settings                                                                                  ;
+------------------------------------------------------------------+--------------------+------------------------+
; Option                                                           ; Setting            ; Default Value          ;
+------------------------------------------------------------------+--------------------+------------------------+
; Device                                                           ; EP4CE115F29C7      ;                        ;
; Top-level entity name                                            ; mnist_nn           ; neural_network_on_fpga ;
; Family name                                                      ; Cyclone IV E       ; Cyclone V              ;
; Use smart compilation                                            ; Off                ; Off                    ;
; Enable parallel Assembler and Timing Analyzer during compilation ; On                 ; On                     ;
; Enable compact report table                                      ; Off                ; Off                    ;
; Restructure Multiplexers                                         ; Auto               ; Auto                   ;
; Create Debugging Nodes for IP Cores                              ; Off                ; Off                    ;
; Preserve fewer node names                                        ; On                 ; On                     ;
; Intel FPGA IP Evaluation Mode                                    ; Enable             ; Enable                 ;
; Verilog Version                                                  ; Verilog_2001       ; Verilog_2001           ;
; VHDL Version                                                     ; VHDL_1993          ; VHDL_1993              ;
; State Machine Processing                                         ; Auto               ; Auto                   ;
; Safe State Machine                                               ; Off                ; Off                    ;
; Extract Verilog State Machines                                   ; On                 ; On                     ;
; Extract VHDL State Machines                                      ; On                 ; On                     ;
; Ignore Verilog initial constructs                                ; Off                ; Off                    ;
; Iteration limit for constant Verilog loops                       ; 5000               ; 5000                   ;
; Iteration limit for non-constant Verilog loops                   ; 250                ; 250                    ;
; Add Pass-Through Logic to Inferred RAMs                          ; On                 ; On                     ;
; Infer RAMs from Raw Logic                                        ; On                 ; On                     ;
; Parallel Synthesis                                               ; On                 ; On                     ;
; DSP Block Balancing                                              ; Auto               ; Auto                   ;
; NOT Gate Push-Back                                               ; On                 ; On                     ;
; Power-Up Don't Care                                              ; On                 ; On                     ;
; Remove Redundant Logic Cells                                     ; Off                ; Off                    ;
; Remove Duplicate Registers                                       ; On                 ; On                     ;
; Ignore CARRY Buffers                                             ; Off                ; Off                    ;
; Ignore CASCADE Buffers                                           ; Off                ; Off                    ;
; Ignore GLOBAL Buffers                                            ; Off                ; Off                    ;
; Ignore ROW GLOBAL Buffers                                        ; Off                ; Off                    ;
; Ignore LCELL Buffers                                             ; Off                ; Off                    ;
; Ignore SOFT Buffers                                              ; On                 ; On                     ;
; Limit AHDL Integers to 32 Bits                                   ; Off                ; Off                    ;
; Optimization Technique                                           ; Balanced           ; Balanced               ;
; Carry Chain Length                                               ; 70                 ; 70                     ;
; Auto Carry Chains                                                ; On                 ; On                     ;
; Auto Open-Drain Pins                                             ; On                 ; On                     ;
; Perform WYSIWYG Primitive Resynthesis                            ; Off                ; Off                    ;
; Auto ROM Replacement                                             ; On                 ; On                     ;
; Auto RAM Replacement                                             ; On                 ; On                     ;
; Auto DSP Block Replacement                                       ; On                 ; On                     ;
; Auto Shift Register Replacement                                  ; Auto               ; Auto                   ;
; Allow Shift Register Merging across Hierarchies                  ; Auto               ; Auto                   ;
; Auto Clock Enable Replacement                                    ; On                 ; On                     ;
; Strict RAM Replacement                                           ; Off                ; Off                    ;
; Allow Synchronous Control Signals                                ; On                 ; On                     ;
; Force Use of Synchronous Clear Signals                           ; Off                ; Off                    ;
; Auto RAM Block Balancing                                         ; On                 ; On                     ;
; Auto RAM to Logic Cell Conversion                                ; Off                ; Off                    ;
; Auto Resource Sharing                                            ; Off                ; Off                    ;
; Allow Any RAM Size For Recognition                               ; Off                ; Off                    ;
; Allow Any ROM Size For Recognition                               ; Off                ; Off                    ;
; Allow Any Shift Register Size For Recognition                    ; Off                ; Off                    ;
; Use LogicLock Constraints during Resource Balancing              ; On                 ; On                     ;
; Ignore translate_off and synthesis_off directives                ; Off                ; Off                    ;
; Timing-Driven Synthesis                                          ; On                 ; On                     ;
; Report Parameter Settings                                        ; On                 ; On                     ;
; Report Source Assignments                                        ; On                 ; On                     ;
; Report Connectivity Checks                                       ; On                 ; On                     ;
; Ignore Maximum Fan-Out Assignments                               ; Off                ; Off                    ;
; Synchronization Register Chain Length                            ; 2                  ; 2                      ;
; Power Optimization During Synthesis                              ; Normal compilation ; Normal compilation     ;
; HDL message level                                                ; Level2             ; Level2                 ;
; Suppress Register Optimization Related Messages                  ; Off                ; Off                    ;
; Number of Removed Registers Reported in Synthesis Report         ; 5000               ; 5000                   ;
; Number of Swept Nodes Reported in Synthesis Report               ; 5000               ; 5000                   ;
; Number of Inverted Registers Reported in Synthesis Report        ; 100                ; 100                    ;
; Clock MUX Protection                                             ; On                 ; On                     ;
; Auto Gated Clock Conversion                                      ; Off                ; Off                    ;
; Block Design Naming                                              ; Auto               ; Auto                   ;
; SDC constraint protection                                        ; Off                ; Off                    ;
; Synthesis Effort                                                 ; Auto               ; Auto                   ;
; Shift Register Replacement - Allow Asynchronous Clear Signal     ; On                 ; On                     ;
; Pre-Mapping Resynthesis Optimization                             ; Off                ; Off                    ;
; Analysis & Synthesis Message Level                               ; Medium             ; Medium                 ;
; Disable Register Merging Across Hierarchies                      ; Auto               ; Auto                   ;
; Resource Aware Inference For Block RAM                           ; On                 ; On                     ;
+------------------------------------------------------------------+--------------------+------------------------+


+------------------------------------------+
; Parallel Compilation                     ;
+----------------------------+-------------+
; Processors                 ; Number      ;
+----------------------------+-------------+
; Number detected on machine ; 8           ;
; Maximum allowed            ; 4           ;
;                            ;             ;
; Average used               ; 1.00        ;
; Maximum used               ; 4           ;
;                            ;             ;
; Usage by Processor         ; % Time Used ;
;     Processor 1            ; 100.0%      ;
;     Processors 2-4         ;   0.0%      ;
+----------------------------+-------------+


+-----------------------------------------------------------------------------------------------------------------------------------------------------------------------------+
; Analysis & Synthesis Source Files Read                                                                                                                                      ;
+----------------------------------+-----------------+----------------------------------+---------------------------------------------------------------------------+---------+
; File Name with User-Entered Path ; Used in Netlist ; File Type                        ; File Name with Absolute Path                                              ; Library ;
+----------------------------------+-----------------+----------------------------------+---------------------------------------------------------------------------+---------+
; weights_0.mif                    ; yes             ; User Memory Initialization File  ; E:/Projects/neural-network-on-fpga/quartus_project/weights_0.mif          ;         ;
; mnist_nn.sv                      ; yes             ; User SystemVerilog HDL File      ; E:/Projects/neural-network-on-fpga/quartus_project/mnist_nn.sv            ;         ;
; weight_mem1.v                    ; yes             ; User Wizard-Generated File       ; E:/Projects/neural-network-on-fpga/quartus_project/weight_mem1.v          ;         ;
; weight_mem0.v                    ; yes             ; User Wizard-Generated File       ; E:/Projects/neural-network-on-fpga/quartus_project/weight_mem0.v          ;         ;
; weights_1.mif                    ; yes             ; User Memory Initialization File  ; E:/Projects/neural-network-on-fpga/quartus_project/weights_1.mif          ;         ;
; altsyncram.tdf                   ; yes             ; Megafunction                     ; c:/intel/quartus/quartus/libraries/megafunctions/altsyncram.tdf           ;         ;
; stratix_ram_block.inc            ; yes             ; Megafunction                     ; c:/intel/quartus/quartus/libraries/megafunctions/stratix_ram_block.inc    ;         ;
; lpm_mux.inc                      ; yes             ; Megafunction                     ; c:/intel/quartus/quartus/libraries/megafunctions/lpm_mux.inc              ;         ;
; lpm_decode.inc                   ; yes             ; Megafunction                     ; c:/intel/quartus/quartus/libraries/megafunctions/lpm_decode.inc           ;         ;
; aglobal231.inc                   ; yes             ; Megafunction                     ; c:/intel/quartus/quartus/libraries/megafunctions/aglobal231.inc           ;         ;
; a_rdenreg.inc                    ; yes             ; Megafunction                     ; c:/intel/quartus/quartus/libraries/megafunctions/a_rdenreg.inc            ;         ;
; altrom.inc                       ; yes             ; Megafunction                     ; c:/intel/quartus/quartus/libraries/megafunctions/altrom.inc               ;         ;
; altram.inc                       ; yes             ; Megafunction                     ; c:/intel/quartus/quartus/libraries/megafunctions/altram.inc               ;         ;
; altdpram.inc                     ; yes             ; Megafunction                     ; c:/intel/quartus/quartus/libraries/megafunctions/altdpram.inc             ;         ;
; db/altsyncram_8j91.tdf           ; yes             ; Auto-Generated Megafunction      ; E:/Projects/neural-network-on-fpga/quartus_project/db/altsyncram_8j91.tdf ;         ;
; db/altsyncram_9j91.tdf           ; yes             ; Auto-Generated Megafunction      ; E:/Projects/neural-network-on-fpga/quartus_project/db/altsyncram_9j91.tdf ;         ;
+----------------------------------+-----------------+----------------------------------+---------------------------------------------------------------------------+---------+


+---------------------------------------------------------+
; Analysis & Synthesis Resource Usage Summary             ;
+---------------------------------------------+-----------+
; Resource                                    ; Usage     ;
+---------------------------------------------+-----------+
; Estimated Total logic elements              ; 24        ;
;                                             ;           ;
; Total combinational functions               ; 14        ;
; Logic element usage by number of LUT inputs ;           ;
;     -- 4 input functions                    ; 3         ;
;     -- 3 input functions                    ; 0         ;
;     -- <=2 input functions                  ; 11        ;
;                                             ;           ;
; Logic elements by mode                      ;           ;
;     -- normal mode                          ; 5         ;
;     -- arithmetic mode                      ; 9         ;
;                                             ;           ;
; Total registers                             ; 20        ;
;     -- Dedicated logic registers            ; 20        ;
;     -- I/O registers                        ; 0         ;
;                                             ;           ;
; I/O pins                                    ; 54        ;
; Total memory bits                           ; 25088     ;
;                                             ;           ;
; Embedded Multiplier 9-bit elements          ; 0         ;
;                                             ;           ;
; Maximum fan-out node                        ; clk~input ;
; Maximum fan-out                             ; 52        ;
; Total fan-out                               ; 541       ;
; Average fan-out                             ; 3.11      ;
+---------------------------------------------+-----------+


+--------------------------------------------------------------------------------------------------------------------------------------------------------------------------------------------------------------------------------------------------------------------------------------------------------------+
; Analysis & Synthesis Resource Utilization by Entity                                                                                                                                                                                                                                                          ;
+-------------------------------------------+---------------------+---------------------------+-------------+--------------+---------+-----------+------+--------------+------------------------------------------------------------------------------------------------------+-----------------+--------------+
; Compilation Hierarchy Node                ; Combinational ALUTs ; Dedicated Logic Registers ; Memory Bits ; DSP Elements ; DSP 9x9 ; DSP 18x18 ; Pins ; Virtual Pins ; Full Hierarchy Name                                                                                  ; Entity Name     ; Library Name ;
+-------------------------------------------+---------------------+---------------------------+-------------+--------------+---------+-----------+------+--------------+------------------------------------------------------------------------------------------------------+-----------------+--------------+
; |mnist_nn                                 ; 14 (14)             ; 20 (20)                   ; 25088       ; 0            ; 0       ; 0         ; 54   ; 0            ; |mnist_nn                                                                                            ; mnist_nn        ; work         ;
;    |weight_mem0:neuron0_weights|          ; 0 (0)               ; 0 (0)                     ; 12544       ; 0            ; 0       ; 0         ; 0    ; 0            ; |mnist_nn|weight_mem0:neuron0_weights                                                                ; weight_mem0     ; work         ;
;       |altsyncram:altsyncram_component|   ; 0 (0)               ; 0 (0)                     ; 12544       ; 0            ; 0       ; 0         ; 0    ; 0            ; |mnist_nn|weight_mem0:neuron0_weights|altsyncram:altsyncram_component                                ; altsyncram      ; work         ;
;          |altsyncram_8j91:auto_generated| ; 0 (0)               ; 0 (0)                     ; 12544       ; 0            ; 0       ; 0         ; 0    ; 0            ; |mnist_nn|weight_mem0:neuron0_weights|altsyncram:altsyncram_component|altsyncram_8j91:auto_generated ; altsyncram_8j91 ; work         ;
;    |weight_mem1:neuron1_weights|          ; 0 (0)               ; 0 (0)                     ; 12544       ; 0            ; 0       ; 0         ; 0    ; 0            ; |mnist_nn|weight_mem1:neuron1_weights                                                                ; weight_mem1     ; work         ;
;       |altsyncram:altsyncram_component|   ; 0 (0)               ; 0 (0)                     ; 12544       ; 0            ; 0       ; 0         ; 0    ; 0            ; |mnist_nn|weight_mem1:neuron1_weights|altsyncram:altsyncram_component                                ; altsyncram      ; work         ;
;          |altsyncram_9j91:auto_generated| ; 0 (0)               ; 0 (0)                     ; 12544       ; 0            ; 0       ; 0         ; 0    ; 0            ; |mnist_nn|weight_mem1:neuron1_weights|altsyncram:altsyncram_component|altsyncram_9j91:auto_generated ; altsyncram_9j91 ; work         ;
+-------------------------------------------+---------------------+---------------------------+-------------+--------------+---------+-----------+------+--------------+------------------------------------------------------------------------------------------------------+-----------------+--------------+
Note: For table entries with two numbers listed, the numbers in parentheses indicate the number of resources of the given type used by the specific entity alone. The numbers listed outside of parentheses indicate the total resources of the given type used by the specific entity and all of its sub-entities in the hierarchy.


+---------------------------------------------------------------------------------------------------------------------------------------------------------------------------------------------------------+
; Analysis & Synthesis RAM Summary                                                                                                                                                                        ;
+-------------------------------------------------------------------------------------------------------+------+------+--------------+--------------+--------------+--------------+-------+---------------+
; Name                                                                                                  ; Type ; Mode ; Port A Depth ; Port A Width ; Port B Depth ; Port B Width ; Size  ; MIF           ;
+-------------------------------------------------------------------------------------------------------+------+------+--------------+--------------+--------------+--------------+-------+---------------+
; weight_mem0:neuron0_weights|altsyncram:altsyncram_component|altsyncram_8j91:auto_generated|ALTSYNCRAM ; AUTO ; ROM  ; 784          ; 16           ; --           ; --           ; 12544 ; weights_0.mif ;
; weight_mem1:neuron1_weights|altsyncram:altsyncram_component|altsyncram_9j91:auto_generated|ALTSYNCRAM ; AUTO ; ROM  ; 784          ; 16           ; --           ; --           ; 12544 ; weights_1.mif ;
+-------------------------------------------------------------------------------------------------------+------+------+--------------+--------------+--------------+--------------+-------+---------------+


+-------------------------------------------------------------------------------------------------------------------------+
; Analysis & Synthesis IP Cores Summary                                                                                   ;
+--------+--------------+---------+--------------+--------------+---------------------------------------+-----------------+
; Vendor ; IP Core Name ; Version ; Release Date ; License Type ; Entity Instance                       ; IP Include File ;
+--------+--------------+---------+--------------+--------------+---------------------------------------+-----------------+
; Altera ; ROM: 1-PORT  ; 23.1    ; N/A          ; N/A          ; |mnist_nn|weight_mem0:neuron0_weights ; weight_mem0.v   ;
; Altera ; ROM: 1-PORT  ; 23.1    ; N/A          ; N/A          ; |mnist_nn|weight_mem1:neuron1_weights ; weight_mem1.v   ;
+--------+--------------+---------+--------------+--------------+---------------------------------------+-----------------+


+------------------------------------------------------+
; General Register Statistics                          ;
+----------------------------------------------+-------+
; Statistic                                    ; Value ;
+----------------------------------------------+-------+
; Total registers                              ; 20    ;
; Number of registers using Synchronous Clear  ; 10    ;
; Number of registers using Synchronous Load   ; 0     ;
; Number of registers using Asynchronous Clear ; 0     ;
; Number of registers using Asynchronous Load  ; 0     ;
; Number of registers using Clock Enable       ; 0     ;
; Number of registers using Preset             ; 0     ;
+----------------------------------------------+-------+


+-------------------------------------------------------------------------------------------------------------------------------------------+
; Multiplexer Restructuring Statistics (Restructuring Performed)                                                                            ;
+--------------------+-----------+---------------+----------------------+------------------------+------------+-----------------------------+
; Multiplexer Inputs ; Bus Width ; Baseline Area ; Area if Restructured ; Saving if Restructured ; Registered ; Example Multiplexer Output  ;
+--------------------+-----------+---------------+----------------------+------------------------+------------+-----------------------------+
; 3:1                ; 10 bits   ; 20 LEs        ; 10 LEs               ; 10 LEs                 ; Yes        ; |mnist_nn|inp_count[0]~reg0 ;
+--------------------+-----------+---------------+----------------------+------------------------+------------+-----------------------------+


+-------------------------------------------------------------------------------------------------------------------+
; Source assignments for weight_mem0:neuron0_weights|altsyncram:altsyncram_component|altsyncram_8j91:auto_generated ;
+---------------------------------+--------------------+------+-----------------------------------------------------+
; Assignment                      ; Value              ; From ; To                                                  ;
+---------------------------------+--------------------+------+-----------------------------------------------------+
; OPTIMIZE_POWER_DURING_SYNTHESIS ; NORMAL_COMPILATION ; -    ; -                                                   ;
+---------------------------------+--------------------+------+-----------------------------------------------------+


+-------------------------------------------------------------------------------------------------------------------+
; Source assignments for weight_mem1:neuron1_weights|altsyncram:altsyncram_component|altsyncram_9j91:auto_generated ;
+---------------------------------+--------------------+------+-----------------------------------------------------+
; Assignment                      ; Value              ; From ; To                                                  ;
+---------------------------------+--------------------+------+-----------------------------------------------------+
; OPTIMIZE_POWER_DURING_SYNTHESIS ; NORMAL_COMPILATION ; -    ; -                                                   ;
+---------------------------------+--------------------+------+-----------------------------------------------------+


+----------------------------------------------------------------------------------------------------------+
; Parameter Settings for User Entity Instance: weight_mem0:neuron0_weights|altsyncram:altsyncram_component ;
+------------------------------------+----------------------+----------------------------------------------+
; Parameter Name                     ; Value                ; Type                                         ;
+------------------------------------+----------------------+----------------------------------------------+
; BYTE_SIZE_BLOCK                    ; 8                    ; Untyped                                      ;
; AUTO_CARRY_CHAINS                  ; ON                   ; AUTO_CARRY                                   ;
; IGNORE_CARRY_BUFFERS               ; OFF                  ; IGNORE_CARRY                                 ;
; AUTO_CASCADE_CHAINS                ; ON                   ; AUTO_CASCADE                                 ;
; IGNORE_CASCADE_BUFFERS             ; OFF                  ; IGNORE_CASCADE                               ;
; WIDTH_BYTEENA                      ; 1                    ; Untyped                                      ;
; OPERATION_MODE                     ; ROM                  ; Untyped                                      ;
; WIDTH_A                            ; 16                   ; Signed Integer                               ;
; WIDTHAD_A                          ; 10                   ; Signed Integer                               ;
; NUMWORDS_A                         ; 784                  ; Signed Integer                               ;
; OUTDATA_REG_A                      ; CLOCK0               ; Untyped                                      ;
; ADDRESS_ACLR_A                     ; NONE                 ; Untyped                                      ;
; OUTDATA_ACLR_A                     ; NONE                 ; Untyped                                      ;
; WRCONTROL_ACLR_A                   ; NONE                 ; Untyped                                      ;
; INDATA_ACLR_A                      ; NONE                 ; Untyped                                      ;
; BYTEENA_ACLR_A                     ; NONE                 ; Untyped                                      ;
; WIDTH_B                            ; 1                    ; Untyped                                      ;
; WIDTHAD_B                          ; 1                    ; Untyped                                      ;
; NUMWORDS_B                         ; 1                    ; Untyped                                      ;
; INDATA_REG_B                       ; CLOCK1               ; Untyped                                      ;
; WRCONTROL_WRADDRESS_REG_B          ; CLOCK1               ; Untyped                                      ;
; RDCONTROL_REG_B                    ; CLOCK1               ; Untyped                                      ;
; ADDRESS_REG_B                      ; CLOCK1               ; Untyped                                      ;
; OUTDATA_REG_B                      ; UNREGISTERED         ; Untyped                                      ;
; BYTEENA_REG_B                      ; CLOCK1               ; Untyped                                      ;
; INDATA_ACLR_B                      ; NONE                 ; Untyped                                      ;
; WRCONTROL_ACLR_B                   ; NONE                 ; Untyped                                      ;
; ADDRESS_ACLR_B                     ; NONE                 ; Untyped                                      ;
; OUTDATA_ACLR_B                     ; NONE                 ; Untyped                                      ;
; RDCONTROL_ACLR_B                   ; NONE                 ; Untyped                                      ;
; BYTEENA_ACLR_B                     ; NONE                 ; Untyped                                      ;
; WIDTH_BYTEENA_A                    ; 1                    ; Signed Integer                               ;
; WIDTH_BYTEENA_B                    ; 1                    ; Untyped                                      ;
; RAM_BLOCK_TYPE                     ; AUTO                 ; Untyped                                      ;
; BYTE_SIZE                          ; 8                    ; Untyped                                      ;
; READ_DURING_WRITE_MODE_MIXED_PORTS ; DONT_CARE            ; Untyped                                      ;
; READ_DURING_WRITE_MODE_PORT_A      ; NEW_DATA_NO_NBE_READ ; Untyped                                      ;
; READ_DURING_WRITE_MODE_PORT_B      ; NEW_DATA_NO_NBE_READ ; Untyped                                      ;
; INIT_FILE                          ; weights_0.mif        ; Untyped                                      ;
; INIT_FILE_LAYOUT                   ; PORT_A               ; Untyped                                      ;
; MAXIMUM_DEPTH                      ; 0                    ; Untyped                                      ;
; CLOCK_ENABLE_INPUT_A               ; BYPASS               ; Untyped                                      ;
; CLOCK_ENABLE_INPUT_B               ; NORMAL               ; Untyped                                      ;
; CLOCK_ENABLE_OUTPUT_A              ; BYPASS               ; Untyped                                      ;
; CLOCK_ENABLE_OUTPUT_B              ; NORMAL               ; Untyped                                      ;
; CLOCK_ENABLE_CORE_A                ; USE_INPUT_CLKEN      ; Untyped                                      ;
; CLOCK_ENABLE_CORE_B                ; USE_INPUT_CLKEN      ; Untyped                                      ;
; ENABLE_ECC                         ; FALSE                ; Untyped                                      ;
; ECC_PIPELINE_STAGE_ENABLED         ; FALSE                ; Untyped                                      ;
; WIDTH_ECCSTATUS                    ; 3                    ; Untyped                                      ;
; DEVICE_FAMILY                      ; Cyclone IV E         ; Untyped                                      ;
; CBXI_PARAMETER                     ; altsyncram_8j91      ; Untyped                                      ;
+------------------------------------+----------------------+----------------------------------------------+
Note: In order to hide this table in the UI and the text report file, please set the "Show Parameter Settings in Synthesis Report" option in "Analysis and Synthesis Settings -> More Settings" to "Off".


+----------------------------------------------------------------------------------------------------------+
; Parameter Settings for User Entity Instance: weight_mem1:neuron1_weights|altsyncram:altsyncram_component ;
+------------------------------------+----------------------+----------------------------------------------+
; Parameter Name                     ; Value                ; Type                                         ;
+------------------------------------+----------------------+----------------------------------------------+
; BYTE_SIZE_BLOCK                    ; 8                    ; Untyped                                      ;
; AUTO_CARRY_CHAINS                  ; ON                   ; AUTO_CARRY                                   ;
; IGNORE_CARRY_BUFFERS               ; OFF                  ; IGNORE_CARRY                                 ;
; AUTO_CASCADE_CHAINS                ; ON                   ; AUTO_CASCADE                                 ;
; IGNORE_CASCADE_BUFFERS             ; OFF                  ; IGNORE_CASCADE                               ;
; WIDTH_BYTEENA                      ; 1                    ; Untyped                                      ;
; OPERATION_MODE                     ; ROM                  ; Untyped                                      ;
; WIDTH_A                            ; 16                   ; Signed Integer                               ;
; WIDTHAD_A                          ; 10                   ; Signed Integer                               ;
; NUMWORDS_A                         ; 784                  ; Signed Integer                               ;
; OUTDATA_REG_A                      ; CLOCK0               ; Untyped                                      ;
; ADDRESS_ACLR_A                     ; NONE                 ; Untyped                                      ;
; OUTDATA_ACLR_A                     ; NONE                 ; Untyped                                      ;
; WRCONTROL_ACLR_A                   ; NONE                 ; Untyped                                      ;
; INDATA_ACLR_A                      ; NONE                 ; Untyped                                      ;
; BYTEENA_ACLR_A                     ; NONE                 ; Untyped                                      ;
; WIDTH_B                            ; 1                    ; Untyped                                      ;
; WIDTHAD_B                          ; 1                    ; Untyped                                      ;
; NUMWORDS_B                         ; 1                    ; Untyped                                      ;
; INDATA_REG_B                       ; CLOCK1               ; Untyped                                      ;
; WRCONTROL_WRADDRESS_REG_B          ; CLOCK1               ; Untyped                                      ;
; RDCONTROL_REG_B                    ; CLOCK1               ; Untyped                                      ;
; ADDRESS_REG_B                      ; CLOCK1               ; Untyped                                      ;
; OUTDATA_REG_B                      ; UNREGISTERED         ; Untyped                                      ;
; BYTEENA_REG_B                      ; CLOCK1               ; Untyped                                      ;
; INDATA_ACLR_B                      ; NONE                 ; Untyped                                      ;
; WRCONTROL_ACLR_B                   ; NONE                 ; Untyped                                      ;
; ADDRESS_ACLR_B                     ; NONE                 ; Untyped                                      ;
; OUTDATA_ACLR_B                     ; NONE                 ; Untyped                                      ;
; RDCONTROL_ACLR_B                   ; NONE                 ; Untyped                                      ;
; BYTEENA_ACLR_B                     ; NONE                 ; Untyped                                      ;
; WIDTH_BYTEENA_A                    ; 1                    ; Signed Integer                               ;
; WIDTH_BYTEENA_B                    ; 1                    ; Untyped                                      ;
; RAM_BLOCK_TYPE                     ; AUTO                 ; Untyped                                      ;
; BYTE_SIZE                          ; 8                    ; Untyped                                      ;
; READ_DURING_WRITE_MODE_MIXED_PORTS ; DONT_CARE            ; Untyped                                      ;
; READ_DURING_WRITE_MODE_PORT_A      ; NEW_DATA_NO_NBE_READ ; Untyped                                      ;
; READ_DURING_WRITE_MODE_PORT_B      ; NEW_DATA_NO_NBE_READ ; Untyped                                      ;
; INIT_FILE                          ; weights_1.mif        ; Untyped                                      ;
; INIT_FILE_LAYOUT                   ; PORT_A               ; Untyped                                      ;
; MAXIMUM_DEPTH                      ; 0                    ; Untyped                                      ;
; CLOCK_ENABLE_INPUT_A               ; BYPASS               ; Untyped                                      ;
; CLOCK_ENABLE_INPUT_B               ; NORMAL               ; Untyped                                      ;
; CLOCK_ENABLE_OUTPUT_A              ; BYPASS               ; Untyped                                      ;
; CLOCK_ENABLE_OUTPUT_B              ; NORMAL               ; Untyped                                      ;
; CLOCK_ENABLE_CORE_A                ; USE_INPUT_CLKEN      ; Untyped                                      ;
; CLOCK_ENABLE_CORE_B                ; USE_INPUT_CLKEN      ; Untyped                                      ;
; ENABLE_ECC                         ; FALSE                ; Untyped                                      ;
; ECC_PIPELINE_STAGE_ENABLED         ; FALSE                ; Untyped                                      ;
; WIDTH_ECCSTATUS                    ; 3                    ; Untyped                                      ;
; DEVICE_FAMILY                      ; Cyclone IV E         ; Untyped                                      ;
; CBXI_PARAMETER                     ; altsyncram_9j91      ; Untyped                                      ;
+------------------------------------+----------------------+----------------------------------------------+
Note: In order to hide this table in the UI and the text report file, please set the "Show Parameter Settings in Synthesis Report" option in "Analysis and Synthesis Settings -> More Settings" to "Off".


+---------------------------------------------------------------------------------------------------------+
; altsyncram Parameter Settings by Entity Instance                                                        ;
+-------------------------------------------+-------------------------------------------------------------+
; Name                                      ; Value                                                       ;
+-------------------------------------------+-------------------------------------------------------------+
; Number of entity instances                ; 2                                                           ;
; Entity Instance                           ; weight_mem0:neuron0_weights|altsyncram:altsyncram_component ;
;     -- OPERATION_MODE                     ; ROM                                                         ;
;     -- WIDTH_A                            ; 16                                                          ;
;     -- NUMWORDS_A                         ; 784                                                         ;
;     -- OUTDATA_REG_A                      ; CLOCK0                                                      ;
;     -- WIDTH_B                            ; 1                                                           ;
;     -- NUMWORDS_B                         ; 1                                                           ;
;     -- ADDRESS_REG_B                      ; CLOCK1                                                      ;
;     -- OUTDATA_REG_B                      ; UNREGISTERED                                                ;
;     -- RAM_BLOCK_TYPE                     ; AUTO                                                        ;
;     -- READ_DURING_WRITE_MODE_MIXED_PORTS ; DONT_CARE                                                   ;
; Entity Instance                           ; weight_mem1:neuron1_weights|altsyncram:altsyncram_component ;
;     -- OPERATION_MODE                     ; ROM                                                         ;
;     -- WIDTH_A                            ; 16                                                          ;
;     -- NUMWORDS_A                         ; 784                                                         ;
;     -- OUTDATA_REG_A                      ; CLOCK0                                                      ;
;     -- WIDTH_B                            ; 1                                                           ;
;     -- NUMWORDS_B                         ; 1                                                           ;
;     -- ADDRESS_REG_B                      ; CLOCK1                                                      ;
;     -- OUTDATA_REG_B                      ; UNREGISTERED                                                ;
;     -- RAM_BLOCK_TYPE                     ; AUTO                                                        ;
;     -- READ_DURING_WRITE_MODE_MIXED_PORTS ; DONT_CARE                                                   ;
+-------------------------------------------+-------------------------------------------------------------+


+-----------------------------------------------------+
; Post-Synthesis Netlist Statistics for Top Partition ;
+-----------------------+-----------------------------+
; Type                  ; Count                       ;
+-----------------------+-----------------------------+
; boundary_port         ; 54                          ;
; cycloneiii_ff         ; 20                          ;
;     SCLR              ; 10                          ;
;     plain             ; 10                          ;
; cycloneiii_lcell_comb ; 14                          ;
;     arith             ; 9                           ;
;         2 data inputs ; 9                           ;
;     normal            ; 5                           ;
;         1 data inputs ; 1                           ;
;         2 data inputs ; 1                           ;
;         4 data inputs ; 3                           ;
; cycloneiii_ram_block  ; 32                          ;
;                       ;                             ;
; Max LUT depth         ; 2.00                        ;
; Average LUT depth     ; 0.79                        ;
+-----------------------+-----------------------------+


+-------------------------------+
; Elapsed Time Per Partition    ;
+----------------+--------------+
; Partition Name ; Elapsed Time ;
+----------------+--------------+
; Top            ; 00:00:00     ;
+----------------+--------------+


+-------------------------------+
; Analysis & Synthesis Messages ;
+-------------------------------+
Info: *******************************************************************
Info: Running Quartus Prime Analysis & Synthesis
    Info: Version 23.1std.1 Build 993 05/14/2024 SC Lite Edition
    Info: Processing started: Thu Jul 10 20:38:08 2025
Info: Command: quartus_map --read_settings_files=on --write_settings_files=off neural_network_on_fpga -c neural_network_on_fpga
Warning (18236): Number of processors has not been specified which may cause overloading on shared machines.  Set the global assignment NUM_PARALLEL_PROCESSORS in your QSF to an appropriate value for best performance.
Info (20030): Parallel compilation is enabled and will use 4 of the 4 processors detected
Info (12021): Found 1 design units, including 1 entities, in source file neuron.sv
    Info (12023): Found entity 1: neuron File: E:/Projects/neural-network-on-fpga/quartus_project/neuron.sv Line: 1
Info (12021): Found 1 design units, including 1 entities, in source file mnist_nn.sv
    Info (12023): Found entity 1: mnist_nn File: E:/Projects/neural-network-on-fpga/quartus_project/mnist_nn.sv Line: 1
Info (12021): Found 1 design units, including 1 entities, in source file weight_mem1.v
    Info (12023): Found entity 1: weight_mem1 File: E:/Projects/neural-network-on-fpga/quartus_project/weight_mem1.v Line: 40
Info (12021): Found 1 design units, including 1 entities, in source file weight_mem2.v
    Info (12023): Found entity 1: weight_mem2 File: E:/Projects/neural-network-on-fpga/quartus_project/weight_mem2.v Line: 40
Info (12021): Found 1 design units, including 1 entities, in source file weight_mem0.v
    Info (12023): Found entity 1: weight_mem0 File: E:/Projects/neural-network-on-fpga/quartus_project/weight_mem0.v Line: 40
Info (12127): Elaborating entity "mnist_nn" for the top level hierarchy
Info (12128): Elaborating entity "weight_mem0" for hierarchy "weight_mem0:neuron0_weights" File: E:/Projects/neural-network-on-fpga/quartus_project/mnist_nn.sv Line: 35
Info (12128): Elaborating entity "altsyncram" for hierarchy "weight_mem0:neuron0_weights|altsyncram:altsyncram_component" File: E:/Projects/neural-network-on-fpga/quartus_project/weight_mem0.v Line: 82
Info (12130): Elaborated megafunction instantiation "weight_mem0:neuron0_weights|altsyncram:altsyncram_component" File: E:/Projects/neural-network-on-fpga/quartus_project/weight_mem0.v Line: 82
Info (12133): Instantiated megafunction "weight_mem0:neuron0_weights|altsyncram:altsyncram_component" with the following parameter: File: E:/Projects/neural-network-on-fpga/quartus_project/weight_mem0.v Line: 82
    Info (12134): Parameter "address_aclr_a" = "NONE"
    Info (12134): Parameter "clock_enable_input_a" = "BYPASS"
    Info (12134): Parameter "clock_enable_output_a" = "BYPASS"
    Info (12134): Parameter "init_file" = "weights_0.mif"
    Info (12134): Parameter "intended_device_family" = "Cyclone IV E"
    Info (12134): Parameter "lpm_hint" = "ENABLE_RUNTIME_MOD=NO"
    Info (12134): Parameter "lpm_type" = "altsyncram"
    Info (12134): Parameter "numwords_a" = "784"
    Info (12134): Parameter "operation_mode" = "ROM"
    Info (12134): Parameter "outdata_aclr_a" = "NONE"
    Info (12134): Parameter "outdata_reg_a" = "CLOCK0"
    Info (12134): Parameter "widthad_a" = "10"
    Info (12134): Parameter "width_a" = "16"
    Info (12134): Parameter "width_byteena_a" = "1"
Info (12021): Found 1 design units, including 1 entities, in source file db/altsyncram_8j91.tdf
    Info (12023): Found entity 1: altsyncram_8j91 File: E:/Projects/neural-network-on-fpga/quartus_project/db/altsyncram_8j91.tdf Line: 28
Info (12128): Elaborating entity "altsyncram_8j91" for hierarchy "weight_mem0:neuron0_weights|altsyncram:altsyncram_component|altsyncram_8j91:auto_generated" File: c:/intel/quartus/quartus/libraries/megafunctions/altsyncram.tdf Line: 792
Info (12128): Elaborating entity "weight_mem1" for hierarchy "weight_mem1:neuron1_weights" File: E:/Projects/neural-network-on-fpga/quartus_project/mnist_nn.sv Line: 40
Info (12128): Elaborating entity "altsyncram" for hierarchy "weight_mem1:neuron1_weights|altsyncram:altsyncram_component" File: E:/Projects/neural-network-on-fpga/quartus_project/weight_mem1.v Line: 82
Info (12130): Elaborated megafunction instantiation "weight_mem1:neuron1_weights|altsyncram:altsyncram_component" File: E:/Projects/neural-network-on-fpga/quartus_project/weight_mem1.v Line: 82
Info (12133): Instantiated megafunction "weight_mem1:neuron1_weights|altsyncram:altsyncram_component" with the following parameter: File: E:/Projects/neural-network-on-fpga/quartus_project/weight_mem1.v Line: 82
    Info (12134): Parameter "address_aclr_a" = "NONE"
    Info (12134): Parameter "clock_enable_input_a" = "BYPASS"
    Info (12134): Parameter "clock_enable_output_a" = "BYPASS"
    Info (12134): Parameter "init_file" = "weights_1.mif"
    Info (12134): Parameter "intended_device_family" = "Cyclone IV E"
    Info (12134): Parameter "lpm_hint" = "ENABLE_RUNTIME_MOD=NO"
    Info (12134): Parameter "lpm_type" = "altsyncram"
    Info (12134): Parameter "numwords_a" = "784"
    Info (12134): Parameter "operation_mode" = "ROM"
    Info (12134): Parameter "outdata_aclr_a" = "NONE"
    Info (12134): Parameter "outdata_reg_a" = "CLOCK0"
    Info (12134): Parameter "widthad_a" = "10"
    Info (12134): Parameter "width_a" = "16"
    Info (12134): Parameter "width_byteena_a" = "1"
Info (12021): Found 1 design units, including 1 entities, in source file db/altsyncram_9j91.tdf
    Info (12023): Found entity 1: altsyncram_9j91 File: E:/Projects/neural-network-on-fpga/quartus_project/db/altsyncram_9j91.tdf Line: 28
Info (12128): Elaborating entity "altsyncram_9j91" for hierarchy "weight_mem1:neuron1_weights|altsyncram:altsyncram_component|altsyncram_9j91:auto_generated" File: c:/intel/quartus/quartus/libraries/megafunctions/altsyncram.tdf Line: 792
Info (286030): Timing-Driven Synthesis is running
Info (16010): Generating hard_block partition "hard_block:auto_generated_inst"
    Info (16011): Adding 0 node(s), including 0 DDIO, 0 PLL, 0 transceiver and 0 LCELL
Info (21057): Implemented 110 device resources after synthesis - the final resource count might be different
    Info (21058): Implemented 2 input pins
    Info (21059): Implemented 52 output pins
    Info (21061): Implemented 24 logic cells
    Info (21064): Implemented 32 RAM segments
Info: Quartus Prime Analysis & Synthesis was successful. 0 errors, 1 warning
    Info: Peak virtual memory: 4782 megabytes
    Info: Processing ended: Thu Jul 10 20:38:16 2025
    Info: Elapsed time: 00:00:08
    Info: Total CPU time (on all processors): 00:00:17


